
Showing logs for build [32mcb-kubecd-environment-pr-179-37-q8f27-1[0m stage [32mfrom-build-pack[0m and container [32mstep-credential-initializer-285gp[0m
{"level":"warn","ts":1583959238.1804461,"logger":"fallback-logger","caller":"logging/config.go:69","msg":"Fetch GitHub commit ID from kodata failed: \"ref: refs/heads/0.8.0-**-support-backwards-incompats\" is not a valid GitHub commit ID"}
{"level":"info","ts":1583959238.1815305,"logger":"fallback-logger","caller":"creds-init/main.go:40","msg":"Credentials initialized."}

Showing logs for build [32mcb-kubecd-environment-pr-179-37-q8f27-1[0m stage [32mfrom-build-pack[0m and container [32mstep-working-dir-initializer-mnbml[0m
{"level":"warn","ts":1583959239.1285691,"logger":"fallback-logger","caller":"logging/config.go:69","msg":"Fetch GitHub commit ID from kodata failed: open /var/run/ko/HEAD: no such file or directory"}
{"level":"info","ts":1583959239.1300645,"logger":"fallback-logger","caller":"bash/main.go:64","msg":"Successfully executed command \"sh -c mkdir -p /workspace/source\"; output "}

Showing logs for build [32mcb-kubecd-environment-pr-179-37-q8f27-1[0m stage [32mfrom-build-pack[0m and container [32mstep-place-tools[0m

Showing logs for build [32mcb-kubecd-environment-pr-179-37-q8f27-1[0m stage [32mfrom-build-pack[0m and container [32mstep-git-source-cb-kubecd-environment-pr-179-37-q8f27-rq8nr[0m
{"level":"warn","ts":1583959243.2870028,"logger":"fallback-logger","caller":"logging/config.go:69","msg":"Fetch GitHub commit ID from kodata failed: \"ref: refs/heads/0.8.0-**-support-backwards-incompats\" is not a valid GitHub commit ID"}
{"level":"info","ts":1583959244.2893932,"logger":"fallback-logger","caller":"git/git.go:103","msg":"Successfully cloned https://github.com/cb-kubecd/environment-pr-179-37-boot-gke-production.git @ master in path /workspace/source"}

Showing logs for build [32mcb-kubecd-environment-pr-179-37-q8f27-1[0m stage [32mfrom-build-pack[0m and container [32mstep-git-merge[0m
Using SHAs from PULL_REFS=master:c6d0d3ac1c2a1876116ac6ab17a511802f283e3c,1:c831dff717dbab7337749d8e7318fd5eb8811722
DEBUG: LC_ALL=C JX_LOG_LEVEL=error git fetch origin --unshallow c831dff717dbab7337749d8e7318fd5eb8811722: c6d0d3ac1c2a1876116ac6ab17a511802f283e3c:
DEBUG: ran git fetch --unshallow origin c831dff717dbab7337749d8e7318fd5eb8811722: c6d0d3ac1c2a1876116ac6ab17a511802f283e3c: in 
DEBUG: LC_ALL=C JX_LOG_LEVEL=error git branch
DEBUG: LC_ALL=C JX_LOG_LEVEL=error git checkout master
DEBUG: ran git checkout master in 
DEBUG: LC_ALL=C JX_LOG_LEVEL=error git reset --hard c6d0d3ac1c2a1876116ac6ab17a511802f283e3c
DEBUG: ran git reset --hard c6d0d3ac1c2a1876116ac6ab17a511802f283e3c in 
DEBUG: JX_LOG_LEVEL=error LC_ALL=C git clean -fd .
DEBUG: ran clean --force -d . in 
DEBUG: LC_ALL=C JX_LOG_LEVEL=error git merge c831dff717dbab7337749d8e7318fd5eb8811722
DEBUG: ran git merge c831dff717dbab7337749d8e7318fd5eb8811722 in 
DEBUG: LC_ALL=C JX_LOG_LEVEL=error git log --format=%H%x1f%an%x1f%ae%x1f%cn%x1f%ce%x1f%s%n%b%x1e c6d0d3ac1c2a1876116ac6ab17a511802f283e3c..HEAD
Merged SHA c831dff717dbab7337749d8e7318fd5eb8811722 with commit message 'chore: Promote bdd-spring-1583958348 to version 0.0.1' into base branch master

Showing logs for build [32mcb-kubecd-environment-pr-179-37-q8f27-1[0m stage [32mfrom-build-pack[0m and container [32mstep-build-helm-build[0m
WARNING: No $CHART_REPOSITORY defined so using the default value of: http://jenkins-x-chartmuseum:8080
Adding missing Helm repo: storage.googleapis.com https://storage.googleapis.com/chartmuseum.jenkins-x.io
WARNING: No secrets found on "helm/repos" due: reading the secret "helm/repos" from vault: no secret "helm/repos" not found in vault
Read credentials for https://storage.googleapis.com/chartmuseum.jenkins-x.io from vault helm/repos
Successfully added Helm repository storage.googleapis.com.
Adding missing Helm repo: jenkins-x-chartmuseum http://jenkins-x-chartmuseum:8080
WARNING: No secrets found on "helm/repos" due: reading the secret "helm/repos" from vault: no secret "helm/repos" not found in vault
Read credentials for http://jenkins-x-chartmuseum:8080 from vault helm/repos
Successfully added Helm repository jenkins-x-chartmuseum.
WARNING: No $CHART_REPOSITORY defined so using the default value of: http://jenkins-x-chartmuseum:8080
Adding missing Helm repo: chartmuseum.jenkins-x.io http://chartmuseum.jenkins-x.io
WARNING: No secrets found on "helm/repos" due: reading the secret "helm/repos" from vault: no secret "helm/repos" not found in vault
Read credentials for http://chartmuseum.jenkins-x.io from vault helm/repos
Successfully added Helm repository chartmuseum.jenkins-x.io.
